<?xml version="1.0" encoding="UTF-8"?>
<!-- Generated by org.testng.reporters.JUnitXMLReporter -->
<testsuite ignored="6" hostname="URMILA" failures="0" tests="13" name="Test" time="55.592" errors="0" timestamp="2023-06-29T13:27:37 IST">
  <testcase classname="com.QaLegendProject.Scripts.LoginTest" name="verifySigninInvalidUserValidPassword" time="1.519"/>
  <testcase classname="com.QaLegendProject.Scripts.LoginTest" name="verifySigninValidUserInvalidPassword" time="1.661"/>
  <testcase classname="com.QaLegendProject.Scripts.LoginTest" name="verifySigninInvalidUserInvalidPassword" time="1.346"/>
  <testcase classname="com.QaLegendProject.Scripts.LoginTest" name="verifySigninValidUserValidPassword" time="3.127"/>
  <testcase classname="com.QaLegendProject.Scripts.AddPurchaseTest" name="checkinkFileUploadFunctionality" time="3.784"/>
  <testcase classname="com.QaLegendProject.Scripts.StockTransferListTest" name="clickStockTransferList" time="1.718"/>
  <testcase classname="com.QaLegendProject.Scripts.StockTransferListTest" name="checkingShowEntriesDropdownText" time="2.405"/>
  <testcase classname="com.QaLegendProject.Scripts.StockTransferListTest" name="viewDeatailsFunctionality" time="0.13">
    <skipped/>
  </testcase> <!-- viewDeatailsFunctionality -->
  <testcase classname="com.QaLegendProject.Scripts.StockTransferListTest" name="viewDeatailsFunctionality" time="0.377"/>
  <testcase classname="com.QaLegendProject.Scripts.StockTransferListTest" name="verifyNoOfColumns" time="0.024"/>
  <testcase classname="com.QaLegendProject.Scripts.StockTransferListTest" name="checkingWebtableElementPresent" time="3.793"/>
  <testcase classname="com.QaLegendProject.Scripts.StockTransferListTest" name="checkingCopyFunctionality" time="5.122">
    <skipped/>
  </testcase> <!-- checkingCopyFunctionality -->
  <testcase classname="com.QaLegendProject.Scripts.StockTransferListTest" name="checkingCopyFunctionality" time="4.765"/>
  <testcase classname="com.QaLegendProject.Base.TestBasePro" name="@BeforeTest beforeTest" time="0.0">
    <ignored/>
  </testcase> <!-- @BeforeTest beforeTest -->
  <testcase classname="com.QaLegendProject.Base.TestBasePro" name="@AfterTest afterTest" time="0.0">
    <ignored/>
  </testcase> <!-- @AfterTest afterTest -->
  <testcase classname="com.QaLegendProject.Base.TestBasePro" name="@AfterTest afterTest" time="0.0">
    <ignored/>
  </testcase> <!-- @AfterTest afterTest -->
  <testcase classname="com.QaLegendProject.Base.TestBasePro" name="@BeforeTest beforeTest" time="0.0">
    <ignored/>
  </testcase> <!-- @BeforeTest beforeTest -->
  <testcase classname="com.QaLegendProject.Base.TestBasePro" name="@AfterTest afterTest" time="0.0">
    <ignored/>
  </testcase> <!-- @AfterTest afterTest -->
  <testcase classname="com.QaLegendProject.Base.TestBasePro" name="@BeforeTest beforeTest" time="0.0">
    <ignored/>
  </testcase> <!-- @BeforeTest beforeTest -->
</testsuite> <!-- Test -->
